TN:
SF:src/app.ts
FNF:0
FNH:0
DA:1,3
DA:2,3
DA:3,3
DA:4,3
DA:5,3
DA:6,3
DA:8,3
DA:9,3
DA:10,3
DA:12,3
DA:13,3
DA:16,3
DA:17,3
DA:19,3
LF:14
LH:14
BRDA:12,0,0,3
BRF:1
BRH:1
end_of_record
TN:
SF:src/database.ts
FNF:0
FNH:0
DA:1,4
DA:3,4
DA:4,4
LF:3
LH:3
BRF:0
BRH:0
end_of_record
TN:
SF:src/controllers/recommendationController.ts
FN:6,insert
FN:17,upvote
FN:25,downvote
FN:33,random
FN:39,get
FN:44,getTop
FN:51,getById
FNF:7
FNH:6
FNDA:2,insert
FNDA:1,upvote
FNDA:7,downvote
FNDA:1,random
FNDA:1,get
FNDA:0,getTop
FNDA:1,getById
DA:2,3
DA:3,3
DA:4,3
DA:7,2
DA:8,2
DA:9,1
DA:12,1
DA:14,1
DA:18,1
DA:20,1
DA:22,1
DA:26,7
DA:28,7
DA:30,7
DA:34,1
DA:36,1
DA:40,1
DA:41,1
DA:45,0
DA:47,0
DA:48,0
DA:52,1
DA:54,1
DA:55,1
DA:58,3
LF:25
LH:22
BRDA:8,0,0,1
BRF:1
BRH:1
end_of_record
TN:
SF:src/controllers/testeE2EController.ts
FN:4,deleteAll
FNF:1
FNH:0
FNDA:0,deleteAll
DA:2,3
DA:4,3
DA:5,0
DA:6,0
LF:4
LH:2
BRF:0
BRH:0
end_of_record
TN:
SF:src/middlewares/errorHandlerMiddleware.ts
FN:8,errorHandlerMiddleware
FNF:1
FNH:1
FNDA:1,errorHandlerMiddleware
DA:2,3
DA:8,3
DA:14,1
DA:16,1
DA:17,1
DA:20,0
LF:6
LH:5
BRDA:16,0,0,1
BRF:1
BRH:1
end_of_record
TN:
SF:src/repositories/recommendationRepository.ts
FN:5,create
FN:16,findAll
FN:26,getAmountByScore
FN:33,getFindAllFilter
FN:45,find
FN:51,findByName
FN:57,updateScore
FN:66,remove
FN:71,deleteAll
FNF:9
FNH:8
FNDA:16,create
FNDA:3,findAll
FNDA:0,getAmountByScore
FNDA:3,getFindAllFilter
FNDA:9,find
FNDA:16,findByName
FNDA:8,updateScore
FNDA:1,remove
FNDA:5,deleteAll
DA:2,4
DA:6,16
DA:17,3
DA:19,3
DA:27,0
DA:36,3
DA:38,1
DA:40,1
DA:46,9
DA:52,16
DA:58,8
DA:67,1
DA:72,5
DA:75,4
LF:14
LH:13
BRDA:36,0,0,2
BRF:1
BRH:1
end_of_record
TN:
SF:src/routers/recommendationRouter.ts
FNF:0
FNH:0
DA:1,3
DA:2,3
DA:4,3
DA:6,3
DA:7,3
DA:8,3
DA:9,3
DA:10,3
DA:11,3
DA:12,3
DA:14,3
LF:11
LH:11
BRF:0
BRH:0
end_of_record
TN:
SF:src/routers/testE2ERouter.ts
FNF:0
FNH:0
DA:1,3
DA:2,3
DA:4,3
DA:6,3
DA:8,3
LF:5
LH:5
BRF:0
BRH:0
end_of_record
TN:
SF:src/schemas/recommendationsSchemas.ts
FNF:0
FNH:0
DA:1,3
DA:4,3
DA:6,3
LF:3
LH:3
BRF:0
BRH:0
end_of_record
TN:
SF:src/services/recommendationsService.ts
FN:7,insert
FN:17,upvote
FN:23,downvote
FN:36,getByIdOrFail
FN:43,get
FN:47,getTop
FN:51,getRandom
FN:64,getByScore
FN:77,getScoreFilter
FN:85,deleteAll
FNF:10
FNH:9
FNDA:17,insert
FNDA:3,upvote
FNDA:7,downvote
FNDA:11,getByIdOrFail
FNDA:1,get
FNDA:0,getTop
FNDA:3,getRandom
FNDA:3,getByScore
FNDA:3,getScoreFilter
FNDA:5,deleteAll
DA:2,4
DA:3,4
DA:8,17
DA:11,17
DA:12,0
DA:14,17
DA:18,3
DA:20,3
DA:24,7
DA:26,7
DA:31,7
DA:32,1
DA:37,11
DA:38,11
DA:40,11
DA:44,1
DA:48,0
DA:52,3
DA:53,3
DA:55,3
DA:56,3
DA:57,0
DA:60,3
DA:61,3
DA:65,3
DA:70,3
DA:71,2
DA:74,1
DA:78,3
DA:79,2
DA:82,1
DA:85,4
DA:86,5
DA:88,4
LF:34
LH:31
BRDA:11,0,0,0
BRDA:31,1,0,1
BRDA:38,2,0,0
BRDA:56,3,0,0
BRDA:70,4,0,2
BRDA:78,5,0,2
BRF:6
BRH:3
end_of_record
TN:
SF:src/utils/errorUtils.ts
FN:7,isAppError
FN:11,errorTypeToStatusCode
FN:19,conflictError
FN:23,notFoundError
FN:27,unauthorizedError
FN:31,wrongSchemaError
FNF:6
FNH:3
FNDA:1,isAppError
FNDA:1,errorTypeToStatusCode
FNDA:0,conflictError
FNDA:0,notFoundError
FNDA:0,unauthorizedError
FNDA:1,wrongSchemaError
DA:7,4
DA:8,1
DA:11,4
DA:12,1
DA:13,1
DA:14,1
DA:15,1
DA:16,0
DA:19,4
DA:20,0
DA:23,4
DA:24,0
DA:27,4
DA:28,0
DA:31,4
DA:32,1
LF:16
LH:12
BRDA:12,0,0,0
BRDA:13,1,0,0
BRDA:14,2,0,0
BRDA:15,3,0,1
BRDA:20,4,0,0
BRDA:20,4,1,0
BRDA:20,5,0,0
BRDA:20,5,1,0
BRDA:24,6,0,0
BRDA:24,6,1,0
BRDA:24,7,0,0
BRDA:24,7,1,0
BRDA:28,8,0,0
BRDA:28,8,1,0
BRDA:28,9,0,0
BRDA:28,9,1,0
BRDA:32,10,0,0
BRDA:32,10,1,1
BRDA:32,11,0,1
BRDA:32,11,1,1
BRF:20
BRH:4
end_of_record
TN:
SF:tests/factory/recommendationFactory.ts
FN:4,create
FNF:1
FNH:1
FNDA:19,create
DA:1,4
DA:4,4
DA:5,19
LF:3
LH:3
BRF:0
BRH:0
end_of_record
